<?xml version="1.0" encoding="UTF-8"?>
<testsuite xmlns:xsi="http://www.w3.org/2001/XMLSchema-instance" xsi:noNamespaceSchemaLocation="https://maven.apache.org/surefire/maven-surefire-plugin/xsd/surefire-test-report-3.0.xsd" version="3.0" name="com.wuwei.wuwei.WuweiApplicationTests" time="4.454" tests="1" errors="0" skipped="0" failures="0">
  <properties>
[...]
</properties>
  <testcase name="contextLoads" classname="com.wuwei.wuwei.WuweiApplicationTests" time="0.233">
    <system-out><![CDATA[17:42:18.605 [main] DEBUG org.springframework.test.context.BootstrapUtils - Instantiating CacheAwareContextLoaderDelegate from class [org.springframework.test.context.cache.DefaultCacheAwareContextLoaderDelegate]
17:42:18.614 [main] DEBUG org.springframework.test.context.BootstrapUtils - Instantiating BootstrapContext using constructor [public org.springframework.test.context.support.DefaultBootstrapContext(java.lang.Class,org.springframework.test.context.CacheAwareContextLoaderDelegate)]
17:42:18.645 [main] DEBUG org.springframework.test.context.BootstrapUtils - Instantiating TestContextBootstrapper for test class [com.wuwei.wuwei.WuweiApplicationTests] from class [org.springframework.boot.test.context.SpringBootTestContextBootstrapper]
17:42:18.654 [main] INFO org.springframework.boot.test.context.SpringBootTestContextBootstrapper - Neither @ContextConfiguration nor @ContextHierarchy found for test class [com.wuwei.wuwei.WuweiApplicationTests], using SpringBootContextLoader
17:42:18.657 [main] DEBUG org.springframework.test.context.support.AbstractContextLoader - Did not detect default resource location for test class [com.wuwei.wuwei.WuweiApplicationTests]: class path resource [com/wuwei/wuwei/WuweiApplicationTests-context.xml] does not exist
17:42:18.657 [main] DEBUG org.springframework.test.context.support.AbstractContextLoader - Did not detect default resource location for test class [com.wuwei.wuwei.WuweiApplicationTests]: class path resource [com/wuwei/wuwei/WuweiApplicationTestsContext.groovy] does not exist
17:42:18.657 [main] INFO org.springframework.test.context.support.AbstractContextLoader - Could not detect default resource locations for test class [com.wuwei.wuwei.WuweiApplicationTests]: no resource found for suffixes {-context.xml, Context.groovy}.
17:42:18.658 [main] INFO org.springframework.test.context.support.AnnotationConfigContextLoaderUtils - Could not detect default configuration classes for test class [com.wuwei.wuwei.WuweiApplicationTests]: WuweiApplicationTests does not declare any static, non-private, non-final, nested classes annotated with @Configuration.
17:42:18.690 [main] DEBUG org.springframework.test.context.support.ActiveProfilesUtils - Could not find an 'annotation declaring class' for annotation type [org.springframework.test.context.ActiveProfiles] and class [com.wuwei.wuwei.WuweiApplicationTests]
17:42:18.746 [main] DEBUG org.springframework.context.annotation.ClassPathScanningCandidateComponentProvider - Identified candidate component class: file [C:\Users\14006\Desktop\wuwei\wuwei\target\classes\com\wuwei\wuwei\WuweiApplication.class]
17:42:18.747 [main] INFO org.springframework.boot.test.context.SpringBootTestContextBootstrapper - Found @SpringBootConfiguration com.wuwei.wuwei.WuweiApplication for test class com.wuwei.wuwei.WuweiApplicationTests
17:42:18.823 [main] DEBUG org.springframework.boot.test.context.SpringBootTestContextBootstrapper - @TestExecutionListeners is not present for class [com.wuwei.wuwei.WuweiApplicationTests]: using defaults.
17:42:18.823 [main] INFO org.springframework.boot.test.context.SpringBootTestContextBootstrapper - Loaded default TestExecutionListener class names from location [META-INF/spring.factories]: [org.springframework.boot.test.mock.mockito.MockitoTestExecutionListener, org.springframework.boot.test.mock.mockito.ResetMocksTestExecutionListener, org.springframework.boot.test.autoconfigure.restdocs.RestDocsTestExecutionListener, org.springframework.boot.test.autoconfigure.web.client.MockRestServiceServerResetTestExecutionListener, org.springframework.boot.test.autoconfigure.web.servlet.MockMvcPrintOnlyOnFailureTestExecutionListener, org.springframework.boot.test.autoconfigure.web.servlet.WebDriverTestExecutionListener, org.springframework.boot.test.autoconfigure.webservices.client.MockWebServiceServerTestExecutionListener, org.springframework.test.context.web.ServletTestExecutionListener, org.springframework.test.context.support.DirtiesContextBeforeModesTestExecutionListener, org.springframework.test.context.event.ApplicationEventsTestExecutionListener, org.springframework.test.context.support.DependencyInjectionTestExecutionListener, org.springframework.test.context.support.DirtiesContextTestExecutionListener, org.springframework.test.context.transaction.TransactionalTestExecutionListener, org.springframework.test.context.jdbc.SqlScriptsTestExecutionListener, org.springframework.test.context.event.EventPublishingTestExecutionListener]
17:42:18.843 [main] INFO org.springframework.boot.test.context.SpringBootTestContextBootstrapper - Using TestExecutionListeners: [org.springframework.test.context.web.ServletTestExecutionListener@1f760b47, org.springframework.test.context.support.DirtiesContextBeforeModesTestExecutionListener@18ece7f4, org.springframework.test.context.event.ApplicationEventsTestExecutionListener@3cce57c7, org.springframework.boot.test.mock.mockito.MockitoTestExecutionListener@1cf56a1c, org.springframework.boot.test.autoconfigure.SpringBootDependencyInjectionTestExecutionListener@33f676f6, org.springframework.test.context.support.DirtiesContextTestExecutionListener@4c5ae43b, org.springframework.test.context.transaction.TransactionalTestExecutionListener@264f218, org.springframework.test.context.jdbc.SqlScriptsTestExecutionListener@3576ddc2, org.springframework.test.context.event.EventPublishingTestExecutionListener@35b74c5c, org.springframework.boot.test.mock.mockito.ResetMocksTestExecutionListener@2e570ded, org.springframework.boot.test.autoconfigure.restdocs.RestDocsTestExecutionListener@b86de0d, org.springframework.boot.test.autoconfigure.web.client.MockRestServiceServerResetTestExecutionListener@81d9a72, org.springframework.boot.test.autoconfigure.web.servlet.MockMvcPrintOnlyOnFailureTestExecutionListener@747f281, org.springframework.boot.test.autoconfigure.web.servlet.WebDriverTestExecutionListener@1169afe1, org.springframework.boot.test.autoconfigure.webservices.client.MockWebServiceServerTestExecutionListener@2ca26d77]
17:42:18.847 [main] DEBUG org.springframework.test.context.support.AbstractDirtiesContextTestExecutionListener - Before test class: context [DefaultTestContext@7b50df34 testClass = WuweiApplicationTests, testInstance = [null], testMethod = [null], testException = [null], mergedContextConfiguration = [WebMergedContextConfiguration@1b410b60 testClass = WuweiApplicationTests, locations = '{}', classes = '{class com.wuwei.wuwei.WuweiApplication}', contextInitializerClasses = '[]', activeProfiles = '{}', propertySourceLocations = '{}', propertySourceProperties = '{org.springframework.boot.test.context.SpringBootTestContextBootstrapper=true}', contextCustomizers = set[org.springframework.boot.test.context.filter.ExcludeFilterContextCustomizer@79d8407f, org.springframework.boot.test.json.DuplicateJsonObjectContextCustomizerFactory$DuplicateJsonObjectContextCustomizer@4e50c791, org.springframework.boot.test.mock.mockito.MockitoContextCustomizer@0, org.springframework.boot.test.web.client.TestRestTemplateContextCustomizer@5c671d7f, org.springframework.boot.test.autoconfigure.actuate.metrics.MetricsExportContextCustomizerFactory$DisableMetricExportContextCustomizer@3af9c5b7, org.springframework.boot.test.autoconfigure.properties.PropertyMappingContextCustomizer@0, org.springframework.boot.test.autoconfigure.web.servlet.WebDriverContextCustomizerFactory$Customizer@6e509ffa, org.springframework.boot.test.context.SpringBootTestArgs@1, org.springframework.boot.test.context.SpringBootTestWebEnvironment@5f282abb], resourceBasePath = 'src/main/webapp', contextLoader = 'org.springframework.boot.test.context.SpringBootContextLoader', parent = [null]], attributes = map['org.springframework.test.context.web.ServletTestExecutionListener.activateListener' -> true]], class annotated with @DirtiesContext [false] with mode [null].

  .   ____          _            __ _ _
 /\\ / ___'_ __ _ _(_)_ __  __ _ \ \ \ \
( ( )\___ | '_ | '_| | '_ \/ _` | \ \ \ \
 \\/  ___)| |_)| | | | | || (_| |  ) ) ) )
  '  |____| .__|_| |_|_| |_\__, | / / / /
 =========|_|==============|___/=/_/_/_/
 :: Spring Boot ::               (v2.6.13)

2024-05-19 17:42:19.375  INFO 235276 --- [           main] com.wuwei.wuwei.WuweiApplicationTests    : Starting WuweiApplicationTests using Java 1.8.0_412 on Zane with PID 235276 (started by 14006 in C:\Users\14006\Desktop\wuwei\wuwei)
2024-05-19 17:42:19.376  INFO 235276 --- [           main] com.wuwei.wuwei.WuweiApplicationTests    : No active profile set, falling back to 1 default profile: "default"
2024-05-19 17:42:20.148  INFO 235276 --- [           main] .s.d.r.c.RepositoryConfigurationDelegate : Multiple Spring Data modules found, entering strict repository configuration mode
2024-05-19 17:42:20.151  INFO 235276 --- [           main] .s.d.r.c.RepositoryConfigurationDelegate : Bootstrapping Spring Data Redis repositories in DEFAULT mode.
2024-05-19 17:42:20.173  INFO 235276 --- [           main] .s.d.r.c.RepositoryConfigurationDelegate : Finished Spring Data repository scanning in 6 ms. Found 0 Redis repository interfaces.
2024-05-19 17:42:20.388  INFO 235276 --- [           main] o.s.cloud.context.scope.GenericScope     : BeanFactory id=d39ebfbd-d229-32e6-b9ac-4f6da77c19e7
2024-05-19 17:42:20.712  INFO 235276 --- [           main] c.a.d.s.b.a.DruidDataSourceAutoConfigure : Init DruidDataSource
2024-05-19 17:42:20.858  INFO 235276 --- [           main] com.alibaba.druid.pool.DruidDataSource   : {dataSource-1} inited
Logging initialized using 'class org.apache.ibatis.logging.stdout.StdOutImpl' adapter.
PooledDataSource forcefully closed/removed all connections.
PooledDataSource forcefully closed/removed all connections.
PooledDataSource forcefully closed/removed all connections.
PooledDataSource forcefully closed/removed all connections.
PooledDataSource forcefully closed/removed all connections.
2024-05-19 17:42:22.720  WARN 235276 --- [           main] iguration$LoadBalancerCaffeineWarnLogger : Spring Cloud LoadBalancer is currently working with the default cache. While this cache implementation is useful for development and tests, it's recommended to use Caffeine cache in production.You can switch to using Caffeine cache, by adding it and org.springframework.cache.caffeine.CaffeineCacheManager to the classpath.
2024-05-19 17:42:22.760  INFO 235276 --- [           main] com.wuwei.wuwei.WuweiApplicationTests    : Started WuweiApplicationTests in 3.874 seconds (JVM running for 4.743)
]]></system-out>
  </testcase>
</testsuite>